[2026-01-29 17:30:32.241] [info] Updating Model file from 40000 to latest format...
[2026-01-29 17:30:32.293] [info] Loaded model WholeBodyModel-yuetian from file workspace/whole body model_yuetian_realtime.osim
[2026-01-29 17:30:32.295] [warning] Couldn't find file 'sacrum.vtp'.
[2026-01-29 17:30:32.295] [warning] Couldn't find file 'r_pelvis.vtp'.
[2026-01-29 17:30:32.295] [warning] Couldn't find file 'l_pelvis.vtp'.
[2026-01-29 17:30:32.295] [warning] Couldn't find file 'sacrum.vtp'.
[2026-01-29 17:30:32.295] [warning] Couldn't find file 'r_femur.vtp'.
[2026-01-29 17:30:32.295] [warning] Couldn't find file 'r_tibia.vtp'.
[2026-01-29 17:30:32.295] [warning] Couldn't find file 'r_fibula.vtp'.
[2026-01-29 17:30:32.295] [warning] Couldn't find file 'r_patella.vtp'.
[2026-01-29 17:30:32.295] [warning] Couldn't find file 'r_talus.vtp'.
[2026-01-29 17:30:32.295] [warning] Couldn't find file 'r_foot.vtp'.
[2026-01-29 17:30:32.295] [warning] Couldn't find file 'r_bofoot.vtp'.
[2026-01-29 17:30:32.295] [warning] Couldn't find file 'l_femur.vtp'.
[2026-01-29 17:30:32.295] [warning] Couldn't find file 'l_tibia.vtp'.
[2026-01-29 17:30:32.295] [warning] Couldn't find file 'l_fibula.vtp'.
[2026-01-29 17:30:32.295] [warning] Couldn't find file 'l_patella.vtp'.
[2026-01-29 17:30:32.295] [warning] Couldn't find file 'l_talus.vtp'.
[2026-01-29 17:30:32.295] [warning] Couldn't find file 'l_foot.vtp'.
[2026-01-29 17:30:32.295] [warning] Couldn't find file 'l_bofoot.vtp'.
[2026-01-29 17:30:32.295] [warning] Couldn't find file 'cerv1sm.vtp'.
[2026-01-29 17:30:32.295] [warning] Couldn't find file 'cerv2sm.vtp'.
[2026-01-29 17:30:32.295] [warning] Couldn't find file 'cerv3sm.vtp'.
[2026-01-29 17:30:32.295] [warning] Couldn't find file 'cerv4sm.vtp'.
[2026-01-29 17:30:32.295] [warning] Couldn't find file 'cerv5sm.vtp'.
[2026-01-29 17:30:32.295] [warning] Couldn't find file 'cerv6sm.vtp'.
[2026-01-29 17:30:32.295] [warning] Couldn't find file 'cerv7.vtp'.
[2026-01-29 17:30:32.295] [warning] Couldn't find file 'thoracic12_s.vtp'.
[2026-01-29 17:30:32.296] [warning] Couldn't find file 'thoracic11_s.vtp'.
[2026-01-29 17:30:32.296] [warning] Couldn't find file 'thoracic10_s.vtp'.
[2026-01-29 17:30:32.296] [warning] Couldn't find file 'thoracic9_s.vtp'.
[2026-01-29 17:30:32.296] [warning] Couldn't find file 'thoracic8_s.vtp'.
[2026-01-29 17:30:32.296] [warning] Couldn't find file 'thoracic7_s.vtp'.
[2026-01-29 17:30:32.296] [warning] Couldn't find file 'thoracic6_s.vtp'.
[2026-01-29 17:30:32.296] [warning] Couldn't find file 'thoracic5_s.vtp'.
[2026-01-29 17:30:32.296] [warning] Couldn't find file 'thoracic4_s.vtp'.
[2026-01-29 17:30:32.296] [warning] Couldn't find file 'thoracic3_s.vtp'.
[2026-01-29 17:30:32.296] [warning] Couldn't find file 'thoracic2_s.vtp'.
[2026-01-29 17:30:32.296] [warning] Couldn't find file 'thoracic1_s.vtp'.
[2026-01-29 17:30:32.296] [warning] Couldn't find file 'hat_ribs.vtp'.
[2026-01-29 17:30:32.296] [warning] Couldn't find file 'hat_jaw.vtp'.
[2026-01-29 17:30:32.296] [warning] Couldn't find file 'hat_skull.vtp'.
[2026-01-29 17:30:32.296] [warning] Couldn't find file 'humerus_rv.vtp'.
[2026-01-29 17:30:32.296] [warning] Couldn't find file 'ulna_rv.vtp'.
[2026-01-29 17:30:32.296] [warning] Couldn't find file 'radius_rv.vtp'.
[2026-01-29 17:30:32.296] [warning] Couldn't find file 'pisiform_rvs.vtp'.
[2026-01-29 17:30:32.296] [warning] Couldn't find file 'lunate_rvs.vtp'.
[2026-01-29 17:30:32.296] [warning] Couldn't find file 'scaphoid_rvs.vtp'.
[2026-01-29 17:30:32.296] [warning] Couldn't find file 'triquetrum_rvs.vtp'.
[2026-01-29 17:30:32.296] [warning] Couldn't find file 'hamate_rvs.vtp'.
[2026-01-29 17:30:32.296] [warning] Couldn't find file 'capitate_rvs.vtp'.
[2026-01-29 17:30:32.296] [warning] Couldn't find file 'trapezoid_rvs.vtp'.
[2026-01-29 17:30:32.296] [warning] Couldn't find file 'trapezium_rvs.vtp'.
[2026-01-29 17:30:32.296] [warning] Couldn't find file 'metacarpal2_rvs.vtp'.
[2026-01-29 17:30:32.296] [warning] Couldn't find file 'index_proximal_rvs.vtp'.
[2026-01-29 17:30:32.296] [warning] Couldn't find file 'index_medial_rvs.vtp'.
[2026-01-29 17:30:32.296] [warning] Couldn't find file 'index_distal_rvs.vtp'.
[2026-01-29 17:30:32.296] [warning] Couldn't find file 'metacarpal3_rvs.vtp'.
[2026-01-29 17:30:32.296] [warning] Couldn't find file 'middle_proximal_rvs.vtp'.
[2026-01-29 17:30:32.296] [warning] Couldn't find file 'middle_medial_rvs.vtp'.
[2026-01-29 17:30:32.296] [warning] Couldn't find file 'middle_distal_rvs.vtp'.
[2026-01-29 17:30:32.296] [warning] Couldn't find file 'metacarpal4_rvs.vtp'.
[2026-01-29 17:30:32.296] [warning] Couldn't find file 'ring_proximal_rvs.vtp'.
[2026-01-29 17:30:32.296] [warning] Couldn't find file 'ring_medial_rvs.vtp'.
[2026-01-29 17:30:32.296] [warning] Couldn't find file 'ring_distal_rvs.vtp'.
[2026-01-29 17:30:32.296] [warning] Couldn't find file 'metacarpal5_rvs.vtp'.
[2026-01-29 17:30:32.296] [warning] Couldn't find file 'little_proximal_rvs.vtp'.
[2026-01-29 17:30:32.296] [warning] Couldn't find file 'little_medial_rvs.vtp'.
[2026-01-29 17:30:32.296] [warning] Couldn't find file 'little_distal_rvs.vtp'.
[2026-01-29 17:30:32.296] [warning] Couldn't find file 'metacarpal1_rvs.vtp'.
[2026-01-29 17:30:32.296] [warning] Couldn't find file 'thumb_proximal_rvs.vtp'.
[2026-01-29 17:30:32.296] [warning] Couldn't find file 'thumb_distal_rvs.vtp'.
[2026-01-29 17:30:32.296] [warning] Couldn't find file 'humerus_lv.vtp'.
[2026-01-29 17:30:32.296] [warning] Couldn't find file 'ulna_lv.vtp'.
[2026-01-29 17:30:32.296] [warning] Couldn't find file 'radius_lv.vtp'.
[2026-01-29 17:30:32.296] [warning] Couldn't find file 'pisiform_lvs.vtp'.
[2026-01-29 17:30:32.297] [warning] Couldn't find file 'lunate_lvs.vtp'.
[2026-01-29 17:30:32.297] [warning] Couldn't find file 'scaphoid_lvs.vtp'.
[2026-01-29 17:30:32.297] [warning] Couldn't find file 'triquetrum_lvs.vtp'.
[2026-01-29 17:30:32.297] [warning] Couldn't find file 'hamate_lvs.vtp'.
[2026-01-29 17:30:32.297] [warning] Couldn't find file 'capitate_lvs.vtp'.
[2026-01-29 17:30:32.297] [warning] Couldn't find file 'trapezoid_lvs.vtp'.
[2026-01-29 17:30:32.297] [warning] Couldn't find file 'trapezium_lvs.vtp'.
[2026-01-29 17:30:32.297] [warning] Couldn't find file 'metacarpal2_lvs.vtp'.
[2026-01-29 17:30:32.297] [warning] Couldn't find file 'index_proximal_lvs.vtp'.
[2026-01-29 17:30:32.297] [warning] Couldn't find file 'index_medial_lvs.vtp'.
[2026-01-29 17:30:32.297] [warning] Couldn't find file 'index_distal_lvs.vtp'.
[2026-01-29 17:30:32.297] [warning] Couldn't find file 'metacarpal3_lvs.vtp'.
[2026-01-29 17:30:32.297] [warning] Couldn't find file 'middle_proximal_lvs.vtp'.
[2026-01-29 17:30:32.297] [warning] Couldn't find file 'middle_medial_lvs.vtp'.
[2026-01-29 17:30:32.297] [warning] Couldn't find file 'middle_distal_lvs.vtp'.
[2026-01-29 17:30:32.297] [warning] Couldn't find file 'metacarpal4_lvs.vtp'.
[2026-01-29 17:30:32.297] [warning] Couldn't find file 'ring_proximal_lvs.vtp'.
[2026-01-29 17:30:32.297] [warning] Couldn't find file 'ring_medial_lvs.vtp'.
[2026-01-29 17:30:32.297] [warning] Couldn't find file 'ring_distal_lvs.vtp'.
[2026-01-29 17:30:32.297] [warning] Couldn't find file 'metacarpal5_lvs.vtp'.
[2026-01-29 17:30:32.297] [warning] Couldn't find file 'little_proximal_lvs.vtp'.
[2026-01-29 17:30:32.297] [warning] Couldn't find file 'little_medial_lvs.vtp'.
[2026-01-29 17:30:32.297] [warning] Couldn't find file 'little_distal_lvs.vtp'.
[2026-01-29 17:30:32.297] [warning] Couldn't find file 'metacarpal1_lvs.vtp'.
[2026-01-29 17:30:32.297] [warning] Couldn't find file 'thumb_proximal_lvs.vtp'.
[2026-01-29 17:30:32.297] [warning] Couldn't find file 'thumb_distal_lvs.vtp'.
[2026-01-29 17:30:32.297] [warning] Couldn't find file 'lumbar5.vtp'.
[2026-01-29 17:30:32.297] [warning] Couldn't find file 'lumbar4.vtp'.
[2026-01-29 17:30:32.297] [warning] Couldn't find file 'lumbar3.vtp'.
[2026-01-29 17:30:32.297] [warning] Couldn't find file 'lumbar2.vtp'.
[2026-01-29 17:30:32.297] [warning] Couldn't find file 'lumbar1.vtp'.
[2026-01-29 17:30:32.297] [warning] Couldn't find file 'clavicle.vtp'.
[2026-01-29 17:30:32.297] [warning] Couldn't find file 'scapula.vtp'.
[2026-01-29 17:30:32.297] [warning] Couldn't find file 'clavicle_l.vtp'.
[2026-01-29 17:30:32.297] [warning] Couldn't find file 'scapula_l.vtp'.
[2026-01-29 17:31:36.375] [info] Updating Model file from 40000 to latest format...
[2026-01-29 17:31:36.428] [info] Loaded model WholeBodyModel-yuetian from file workspace/whole body model_yuetian_realtime.osim
[2026-01-29 17:52:39.204] [info] Updating Model file from 40000 to latest format...
[2026-01-29 17:52:39.259] [info] Loaded model WholeBodyModel-yuetian from file workspace/whole body model_yuetian_realtime.osim
[2026-01-29 17:54:09.211] [info] Updating Model file from 40000 to latest format...
[2026-01-29 17:54:09.262] [info] Loaded model WholeBodyModel-yuetian from file workspace/whole body model_yuetian_realtime.osim
[2026-01-29 18:03:14.724] [info] Updating Model file from 40000 to latest format...
[2026-01-29 18:03:14.780] [info] Loaded model WholeBodyModel-yuetian from file workspace/whole body model_yuetian_realtime.osim
[2026-01-30 11:21:49.073] [info] Updating Model file from 40000 to latest format...
[2026-01-30 11:21:49.125] [info] Loaded model WholeBodyModel-yuetian from file workspace/whole body model_yuetian_realtime.osim
[2026-01-30 11:59:41.999] [info] Updating Model file from 40000 to latest format...
[2026-01-30 11:59:42.050] [info] Loaded model WholeBodyModel-yuetian from file workspace/whole body model_yuetian_realtime.osim
[2026-01-30 12:00:08.444] [info] Updating Model file from 40000 to latest format...
[2026-01-30 12:00:08.497] [info] Loaded model WholeBodyModel-yuetian from file workspace/whole body model_yuetian_realtime.osim
[2026-01-30 12:47:21.926] [info] Updating Model file from 40000 to latest format...
[2026-01-30 12:47:21.977] [info] Loaded model WholeBodyModel-yuetian from file workspace\whole body model_yuetian_realtime.osim
[2026-01-30 13:26:14.377] [info] Updating Model file from 40000 to latest format...
[2026-01-30 13:26:14.429] [info] Loaded model WholeBodyModel-yuetian from file workspace/whole body model_yuetian_realtime.osim
[2026-01-30 13:50:07.607] [info] Updating Model file from 40000 to latest format...
[2026-01-30 13:50:07.658] [info] Loaded model WholeBodyModel-yuetian from file workspace/whole body model_yuetian_realtime.osim
[2026-01-30 14:40:21.508] [info] Updating Model file from 40000 to latest format...
[2026-01-30 14:40:21.560] [info] Loaded model WholeBodyModel-yuetian from file workspace/whole body model_yuetian_realtime.osim
[2026-01-30 14:47:16.534] [info] Updating Model file from 40000 to latest format...
[2026-01-30 14:47:16.589] [info] Loaded model WholeBodyModel-yuetian from file workspace/whole body model_yuetian_realtime.osim
[2026-01-30 15:03:53.874] [info] Updating Model file from 40000 to latest format...
[2026-01-30 15:03:53.928] [info] Loaded model WholeBodyModel-yuetian from file workspace/whole body model_yuetian_realtime.osim
[2026-01-30 15:04:16.236] [info] Updating Model file from 40000 to latest format...
[2026-01-30 15:04:16.291] [info] Loaded model WholeBodyModel-yuetian from file workspace/whole body model_yuetian_realtime.osim
[2026-01-30 16:21:57.895] [info] Updating Model file from 40000 to latest format...
[2026-01-30 16:21:57.947] [info] Loaded model WholeBodyModel-yuetian from file workspace\whole body model_yuetian_realtime.osim
[2026-01-30 16:31:44.713] [info] Updating Model file from 40000 to latest format...
[2026-01-30 16:31:44.765] [info] Loaded model WholeBodyModel-yuetian from file workspace/whole body model_yuetian_realtime.osim
[2026-01-30 16:33:01.092] [info] Updating Model file from 40000 to latest format...
[2026-01-30 16:33:01.144] [info] Loaded model WholeBodyModel-yuetian from file workspace/whole body model_yuetian_realtime.osim
[2026-01-30 16:35:21.030] [info] Updating Model file from 40000 to latest format...
[2026-01-30 16:35:21.083] [info] Loaded model WholeBodyModel-yuetian from file workspace/whole body model_yuetian_realtime.osim
[2026-01-30 16:50:57.745] [info] Updating Model file from 40000 to latest format...
[2026-01-30 16:50:57.798] [info] Loaded model WholeBodyModel-yuetian from file workspace/whole body model_yuetian_realtime.osim
[2026-01-30 17:01:07.418] [info] Updating Model file from 40000 to latest format...
[2026-01-30 17:01:07.473] [info] Loaded model WholeBodyModel-yuetian from file workspace/whole body model_yuetian_realtime.osim
[2026-01-30 17:02:27.643] [info] Updating Model file from 40000 to latest format...
[2026-01-30 17:02:27.702] [info] Loaded model WholeBodyModel-yuetian from file workspace/whole body model_yuetian_realtime.osim
[2026-01-30 17:03:27.784] [info] Updating Model file from 40000 to latest format...
[2026-01-30 17:03:27.837] [info] Loaded model WholeBodyModel-yuetian from file workspace/whole body model_yuetian_realtime.osim
[2026-01-30 17:04:46.183] [info] Updating Model file from 40000 to latest format...
[2026-01-30 17:04:46.236] [info] Loaded model WholeBodyModel-yuetian from file workspace/whole body model_yuetian_realtime.osim
[2026-01-30 17:05:13.173] [info] Updating Model file from 40000 to latest format...
[2026-01-30 17:05:13.227] [info] Loaded model WholeBodyModel-yuetian from file workspace/whole body model_yuetian_realtime.osim
[2026-01-30 17:05:52.419] [info] Updating Model file from 40000 to latest format...
[2026-01-30 17:05:52.472] [info] Loaded model WholeBodyModel-yuetian from file workspace/whole body model_yuetian_realtime.osim
[2026-01-30 17:13:03.754] [info] Updating Model file from 40000 to latest format...
[2026-01-30 17:13:03.805] [info] Loaded model WholeBodyModel-yuetian from file workspace/whole body model_yuetian_realtime.osim
[2026-01-30 17:13:55.038] [info] Updating Model file from 40000 to latest format...
[2026-01-30 17:13:55.089] [info] Loaded model WholeBodyModel-yuetian from file workspace/whole body model_yuetian_realtime.osim
[2026-01-30 17:17:00.032] [info] Updating Model file from 40000 to latest format...
[2026-01-30 17:17:00.083] [info] Loaded model WholeBodyModel-yuetian from file workspace/whole body model_yuetian_realtime.osim
[2026-02-01 16:32:27.827] [info] Updating Model file from 40000 to latest format...
[2026-02-01 16:32:27.954] [info] Loaded model WholeBodyModel-yuetian from file workspace/whole body model_yuetian_realtime.osim
[2026-02-01 16:38:25.951] [info] Updating Model file from 40000 to latest format...
[2026-02-01 16:38:26.075] [info] Loaded model WholeBodyModel-yuetian from file workspace/whole body model_yuetian_realtime.osim
[2026-02-01 16:45:34.395] [info] Updating Model file from 40000 to latest format...
[2026-02-01 16:45:34.492] [info] Loaded model WholeBodyModel-yuetian from file workspace/whole body model_yuetian_realtime.osim
[2026-02-01 16:47:28.978] [info] Updating Model file from 40000 to latest format...
[2026-02-01 16:47:29.103] [info] Loaded model WholeBodyModel-yuetian from file workspace/whole body model_yuetian_realtime.osim
[2026-02-01 17:12:55.179] [info] Updating Model file from 40000 to latest format...
[2026-02-01 17:12:55.272] [info] Loaded model WholeBodyModel-yuetian from file workspace/whole body model_yuetian_realtime.osim
[2026-02-01 19:42:39.525] [info] Updating Model file from 40000 to latest format...
[2026-02-01 19:42:39.619] [info] Loaded model WholeBodyModel-yuetian from file workspace/whole body model_yuetian_realtime.osim
[2026-02-01 19:43:04.206] [info] Updating Model file from 40000 to latest format...
[2026-02-01 19:43:04.325] [info] Loaded model WholeBodyModel-yuetian from file workspace/whole body model_yuetian_realtime.osim
[2026-02-01 19:43:23.210] [info] Updating Model file from 40000 to latest format...
[2026-02-01 19:43:23.316] [info] Loaded model WholeBodyModel-yuetian from file workspace/whole body model_yuetian_realtime.osim
[2026-02-01 19:55:08.502] [info] Updating Model file from 40000 to latest format...
[2026-02-01 19:55:08.649] [info] Loaded model WholeBodyModel-yuetian from file workspace/whole body model_yuetian_realtime.osim
[2026-02-02 00:35:36.493] [info] Updating Model file from 40000 to latest format...
[2026-02-02 00:35:36.598] [info] Loaded model WholeBodyModel-yuetian from file workspace/whole body model_yuetian_realtime.osim
[2026-02-02 00:39:09.544] [info] Updating Model file from 40000 to latest format...
[2026-02-02 00:39:09.647] [info] Loaded model WholeBodyModel-yuetian from file workspace/whole body model_yuetian_realtime.osim
[2026-02-02 00:39:59.990] [info] Updating Model file from 40000 to latest format...
[2026-02-02 00:40:00.113] [info] Loaded model WholeBodyModel-yuetian from file workspace/whole body model_yuetian_realtime.osim
[2026-02-02 00:59:37.325] [info] Updating Model file from 40000 to latest format...
[2026-02-02 00:59:37.472] [info] Loaded model WholeBodyModel-yuetian from file workspace/whole body model_yuetian_realtime.osim
[2026-02-02 01:13:10.438] [info] Updating Model file from 40000 to latest format...
[2026-02-02 01:13:10.541] [info] Loaded model WholeBodyModel-yuetian from file workspace/whole body model_yuetian_realtime.osim
[2026-02-02 01:15:32.214] [info] Updating Model file from 40000 to latest format...
[2026-02-02 01:15:32.331] [info] Loaded model WholeBodyModel-yuetian from file workspace/whole body model_yuetian_realtime.osim
[2026-02-02 01:28:54.707] [info] Updating Model file from 40000 to latest format...
[2026-02-02 01:28:54.802] [info] Loaded model WholeBodyModel-yuetian from file workspace/whole body model_yuetian_realtime.osim
[2026-02-02 01:39:08.332] [info] Updating Model file from 40000 to latest format...
[2026-02-02 01:39:08.427] [info] Loaded model WholeBodyModel-yuetian from file workspace/whole body model_yuetian_realtime.osim
[2026-02-02 01:40:18.533] [info] Updating Model file from 40000 to latest format...
[2026-02-02 01:40:18.627] [info] Loaded model WholeBodyModel-yuetian from file workspace/whole body model_yuetian_realtime.osim
[2026-02-02 14:24:31.585] [info] Updating Model file from 40000 to latest format...
[2026-02-02 14:24:31.639] [info] Loaded model WholeBodyModel-yuetian from file workspace/whole body model_yuetian_realtime.osim
[2026-02-02 14:29:58.953] [info] Updating Model file from 40000 to latest format...
[2026-02-02 14:29:59.009] [info] Loaded model WholeBodyModel-yuetian from file workspace/whole body model_yuetian_realtime.osim
[2026-02-02 14:54:11.435] [info] Updating Model file from 40000 to latest format...
[2026-02-02 14:54:11.493] [info] Loaded model WholeBodyModel-yuetian from file workspace/whole body model_yuetian_realtime.osim
[2026-02-02 14:54:27.935] [info] Updating Model file from 40000 to latest format...
[2026-02-02 14:54:27.992] [info] Loaded model WholeBodyModel-yuetian from file workspace/whole body model_yuetian_realtime.osim
[2026-02-02 15:10:16.426] [info] Updating Model file from 40000 to latest format...
[2026-02-02 15:10:16.482] [info] Loaded model WholeBodyModel-yuetian from file workspace/whole body model_yuetian_realtime.osim
[2026-02-02 15:14:34.242] [info] Updating Model file from 40000 to latest format...
[2026-02-02 15:14:34.298] [info] Loaded model WholeBodyModel-yuetian from file workspace/whole body model_yuetian_realtime.osim
[2026-02-02 15:31:58.764] [info] Updating Model file from 40000 to latest format...
[2026-02-02 15:31:58.816] [info] Loaded model WholeBodyModel-yuetian from file workspace/whole body model_yuetian_realtime.osim
[2026-02-02 21:25:28.599] [info] Updating Model file from 40000 to latest format...
[2026-02-02 21:25:28.699] [info] Loaded model WholeBodyModel-yuetian from file workspace/whole body model_yuetian_realtime.osim
[2026-02-03 14:14:13.331] [info] Updating Model file from 40000 to latest format...
[2026-02-03 14:14:13.388] [info] Loaded model WholeBodyModel-yuetian from file workspace/whole body model_yuetian_realtime.osim
[2026-02-03 14:21:06.752] [info] Updating Model file from 40000 to latest format...
[2026-02-03 14:21:06.807] [info] Loaded model WholeBodyModel-yuetian from file workspace/whole body model_yuetian_realtime.osim
[2026-02-03 15:09:11.712] [info] Updating Model file from 40000 to latest format...
[2026-02-03 15:09:11.771] [info] Loaded model WholeBodyModel-yuetian from file workspace/whole body model_yuetian_realtime.osim
[2026-02-03 15:19:59.433] [info] Updating Model file from 40000 to latest format...
[2026-02-03 15:19:59.493] [info] Loaded model WholeBodyModel-yuetian from file workspace/whole body model_yuetian_realtime.osim
[2026-02-03 15:23:23.714] [info] Updating Model file from 40000 to latest format...
[2026-02-03 15:23:23.772] [info] Loaded model WholeBodyModel-yuetian from file workspace/whole body model_yuetian_realtime.osim
[2026-02-03 15:23:48.784] [info] Updating Model file from 40000 to latest format...
[2026-02-03 15:23:48.839] [info] Loaded model WholeBodyModel-yuetian from file workspace/whole body model_yuetian_realtime.osim
[2026-02-03 15:25:16.682] [info] Updating Model file from 40000 to latest format...
[2026-02-03 15:25:16.739] [info] Loaded model WholeBodyModel-yuetian from file workspace/whole body model_yuetian_realtime.osim
[2026-02-03 15:27:20.630] [info] Updating Model file from 40000 to latest format...
[2026-02-03 15:27:20.683] [info] Loaded model WholeBodyModel-yuetian from file workspace/whole body model_yuetian_realtime.osim
[2026-02-03 15:27:31.472] [info] Updating Model file from 40000 to latest format...
[2026-02-03 15:27:31.526] [info] Loaded model WholeBodyModel-yuetian from file workspace/whole body model_yuetian_realtime.osim
[2026-02-03 15:27:59.610] [info] Updating Model file from 40000 to latest format...
[2026-02-03 15:27:59.667] [info] Loaded model WholeBodyModel-yuetian from file workspace/whole body model_yuetian_realtime.osim
[2026-02-03 15:28:18.275] [info] Updating Model file from 40000 to latest format...
[2026-02-03 15:28:18.329] [info] Loaded model WholeBodyModel-yuetian from file workspace/whole body model_yuetian_realtime.osim
[2026-02-03 15:32:04.599] [info] Updating Model file from 40000 to latest format...
[2026-02-03 15:32:04.656] [info] Loaded model WholeBodyModel-yuetian from file workspace/whole body model_yuetian_realtime.osim
[2026-02-03 15:32:17.000] [info] Updating Model file from 40000 to latest format...
[2026-02-03 15:32:17.055] [info] Loaded model WholeBodyModel-yuetian from file workspace/whole body model_yuetian_realtime.osim
[2026-02-03 15:38:37.698] [info] Updating Model file from 40000 to latest format...
[2026-02-03 15:38:37.750] [info] Loaded model WholeBodyModel-yuetian from file workspace/whole body model_yuetian_realtime.osim
[2026-02-03 15:39:42.197] [info] Updating Model file from 40000 to latest format...
[2026-02-03 15:39:42.253] [info] Loaded model WholeBodyModel-yuetian from file workspace/whole body model_yuetian_realtime.osim
[2026-02-03 15:50:13.559] [info] Updating Model file from 40000 to latest format...
[2026-02-03 15:50:13.618] [info] Loaded model WholeBodyModel-yuetian from file workspace/whole body model_yuetian_realtime.osim
[2026-02-03 16:27:59.520] [info] Updating Model file from 40000 to latest format...
[2026-02-03 16:27:59.578] [info] Loaded model WholeBodyModel-yuetian from file workspace/whole body model_yuetian_realtime.osim
[2026-02-03 16:28:22.231] [info] Updating Model file from 40000 to latest format...
[2026-02-03 16:28:22.283] [info] Loaded model WholeBodyModel-yuetian from file workspace/whole body model_yuetian_realtime.osim
[2026-02-03 16:28:38.867] [info] Updating Model file from 40000 to latest format...
[2026-02-03 16:28:38.917] [info] Loaded model WholeBodyModel-yuetian from file workspace/whole body model_yuetian_realtime.osim
[2026-02-04 13:33:20.474] [info] Updating Model file from 40000 to latest format...
[2026-02-04 13:33:20.925] [info] Loaded model WholeBodyModel-yuetian from file workspace/whole body model_yuetian_realtime.osim
[2026-02-04 13:33:59.540] [info] Updating Model file from 40000 to latest format...
[2026-02-04 13:33:59.593] [info] Loaded model WholeBodyModel-yuetian from file workspace/whole body model_yuetian_realtime.osim
[2026-02-04 13:34:32.629] [info] Updating Model file from 40000 to latest format...
[2026-02-04 13:34:32.681] [info] Loaded model WholeBodyModel-yuetian from file workspace/whole body model_yuetian_realtime.osim
[2026-02-04 13:35:20.215] [info] Updating Model file from 40000 to latest format...
[2026-02-04 13:35:20.264] [info] Loaded model WholeBodyModel-yuetian from file workspace/whole body model_yuetian_realtime.osim
[2026-02-04 13:35:30.527] [info] Updating Model file from 40000 to latest format...
[2026-02-04 13:35:30.577] [info] Loaded model WholeBodyModel-yuetian from file workspace/whole body model_yuetian_realtime.osim
[2026-02-04 13:36:11.153] [info] Updating Model file from 40000 to latest format...
[2026-02-04 13:36:11.206] [info] Loaded model WholeBodyModel-yuetian from file workspace/whole body model_yuetian_realtime.osim
[2026-02-04 13:37:50.109] [info] Updating Model file from 40000 to latest format...
[2026-02-04 13:37:50.161] [info] Loaded model WholeBodyModel-yuetian from file workspace/whole body model_yuetian_realtime.osim
[2026-02-04 14:16:56.856] [info] Updating Model file from 40000 to latest format...
[2026-02-04 14:16:56.905] [info] Loaded model WholeBodyModel-yuetian from file workspace/whole body model_yuetian_realtime.osim
[2026-02-04 14:18:37.597] [info] Updating Model file from 40000 to latest format...
[2026-02-04 14:18:37.650] [info] Loaded model WholeBodyModel-yuetian from file workspace/whole body model_yuetian_realtime.osim
[2026-02-04 14:18:58.743] [info] Updating Model file from 40000 to latest format...
[2026-02-04 14:18:58.793] [info] Loaded model WholeBodyModel-yuetian from file workspace/whole body model_yuetian_realtime.osim
[2026-02-04 14:23:14.384] [info] Updating Model file from 40000 to latest format...
[2026-02-04 14:23:14.435] [info] Loaded model WholeBodyModel-yuetian from file workspace/whole body model_yuetian_realtime.osim
[2026-02-04 14:27:43.615] [info] Updating Model file from 40000 to latest format...
[2026-02-04 14:27:43.668] [info] Loaded model WholeBodyModel-yuetian from file workspace/whole body model_yuetian_realtime.osim
[2026-02-04 14:28:18.490] [info] Updating Model file from 40000 to latest format...
[2026-02-04 14:28:18.595] [info] Loaded model WholeBodyModel-yuetian from file workspace/whole body model_yuetian_realtime.osim
[2026-02-04 14:28:30.834] [info] Updating Model file from 40000 to latest format...
[2026-02-04 14:28:30.885] [info] Loaded model WholeBodyModel-yuetian from file workspace/whole body model_yuetian_realtime.osim
[2026-02-04 14:28:58.894] [info] Updating Model file from 40000 to latest format...
[2026-02-04 14:28:58.948] [info] Loaded model WholeBodyModel-yuetian from file workspace/whole body model_yuetian_realtime.osim
[2026-02-04 14:29:43.650] [info] Updating Model file from 40000 to latest format...
[2026-02-04 14:29:43.706] [info] Loaded model WholeBodyModel-yuetian from file workspace/whole body model_yuetian_realtime.osim
[2026-02-04 14:30:00.525] [info] Updating Model file from 40000 to latest format...
[2026-02-04 14:30:00.578] [info] Loaded model WholeBodyModel-yuetian from file workspace/whole body model_yuetian_realtime.osim
[2026-02-04 14:30:32.483] [info] Updating Model file from 40000 to latest format...
[2026-02-04 14:30:32.535] [info] Loaded model WholeBodyModel-yuetian from file workspace/whole body model_yuetian_realtime.osim
[2026-02-04 14:31:07.044] [info] Updating Model file from 40000 to latest format...
[2026-02-04 14:31:07.094] [info] Loaded model WholeBodyModel-yuetian from file workspace/whole body model_yuetian_realtime.osim
[2026-02-04 14:34:20.091] [info] Updating Model file from 40000 to latest format...
[2026-02-04 14:34:20.144] [info] Loaded model WholeBodyModel-yuetian from file workspace/whole body model_yuetian_realtime.osim
[2026-02-04 14:43:42.047] [info] Updating Model file from 40000 to latest format...
[2026-02-04 14:43:42.102] [info] Loaded model WholeBodyModel-yuetian from file workspace/whole body model_yuetian_realtime.osim
[2026-02-04 14:46:49.470] [info] Updating Model file from 40000 to latest format...
[2026-02-04 14:46:49.524] [info] Loaded model WholeBodyModel-yuetian from file workspace/whole body model_yuetian_realtime.osim
[2026-02-04 14:48:00.888] [info] Updating Model file from 40000 to latest format...
[2026-02-04 14:48:00.943] [info] Loaded model WholeBodyModel-yuetian from file workspace/whole body model_yuetian_realtime.osim
[2026-02-04 14:56:02.809] [info] Updating Model file from 40000 to latest format...
[2026-02-04 14:56:02.861] [info] Loaded model WholeBodyModel-yuetian from file workspace/whole body model_yuetian_realtime.osim
[2026-02-04 14:56:12.796] [info] Updating Model file from 40000 to latest format...
[2026-02-04 14:56:12.848] [info] Loaded model WholeBodyModel-yuetian from file workspace/whole body model_yuetian_realtime.osim
[2026-02-04 14:57:20.884] [info] Updating Model file from 40000 to latest format...
[2026-02-04 14:57:20.937] [info] Loaded model WholeBodyModel-yuetian from file workspace/whole body model_yuetian_realtime.osim
[2026-02-04 19:53:27.276] [info] Updating Model file from 40000 to latest format...
[2026-02-04 19:53:27.329] [info] Loaded model WholeBodyModel-yuetian from file workspace/whole body model_yuetian_realtime.osim
[2026-02-04 20:16:37.514] [info] Updating Model file from 40000 to latest format...
[2026-02-04 20:16:37.563] [info] Loaded model WholeBodyModel-yuetian from file workspace/whole body model_yuetian_realtime.osim
[2026-02-04 20:16:41.757] [info] Updating Model file from 40000 to latest format...
[2026-02-04 20:16:41.808] [info] Loaded model WholeBodyModel-yuetian from file workspace/whole body model_yuetian_realtime.osim
[2026-02-04 20:17:04.762] [info] Updating Model file from 40000 to latest format...
[2026-02-04 20:17:04.812] [info] Loaded model WholeBodyModel-yuetian from file workspace/whole body model_yuetian_realtime.osim
[2026-02-04 20:17:25.545] [info] Updating Model file from 40000 to latest format...
[2026-02-04 20:17:25.595] [info] Loaded model WholeBodyModel-yuetian from file workspace/whole body model_yuetian_realtime.osim
[2026-02-04 20:17:37.828] [info] Updating Model file from 40000 to latest format...
[2026-02-04 20:17:37.878] [info] Loaded model WholeBodyModel-yuetian from file workspace/whole body model_yuetian_realtime.osim
[2026-02-04 20:18:20.376] [info] Updating Model file from 40000 to latest format...
[2026-02-04 20:18:20.442] [info] Loaded model WholeBodyModel-yuetian from file workspace/whole body model_yuetian_realtime.osim
[2026-02-04 20:18:55.389] [info] Updating Model file from 40000 to latest format...
[2026-02-04 20:18:55.440] [info] Loaded model WholeBodyModel-yuetian from file workspace/whole body model_yuetian_realtime.osim
[2026-02-04 20:19:12.457] [info] Updating Model file from 40000 to latest format...
[2026-02-04 20:19:12.517] [info] Loaded model WholeBodyModel-yuetian from file workspace/whole body model_yuetian_realtime.osim
[2026-02-04 20:19:27.057] [info] Updating Model file from 40000 to latest format...
[2026-02-04 20:19:27.111] [info] Loaded model WholeBodyModel-yuetian from file workspace/whole body model_yuetian_realtime.osim
[2026-02-04 20:21:52.083] [info] Updating Model file from 40000 to latest format...
[2026-02-04 20:21:52.136] [info] Loaded model WholeBodyModel-yuetian from file workspace/whole body model_yuetian_realtime.osim
[2026-02-04 20:25:13.211] [info] Updating Model file from 40000 to latest format...
[2026-02-04 20:25:13.264] [info] Loaded model WholeBodyModel-yuetian from file workspace/whole body model_yuetian_realtime.osim
[2026-02-04 20:25:56.214] [info] Updating Model file from 40000 to latest format...
[2026-02-04 20:25:56.264] [info] Loaded model WholeBodyModel-yuetian from file workspace/whole body model_yuetian_realtime.osim
[2026-02-04 20:26:21.876] [info] Updating Model file from 40000 to latest format...
[2026-02-04 20:26:21.926] [info] Loaded model WholeBodyModel-yuetian from file workspace/whole body model_yuetian_realtime.osim
[2026-02-04 20:26:46.273] [info] Updating Model file from 40000 to latest format...
[2026-02-04 20:26:46.329] [info] Loaded model WholeBodyModel-yuetian from file workspace/whole body model_yuetian_realtime.osim
[2026-02-04 20:27:28.993] [info] Updating Model file from 40000 to latest format...
[2026-02-04 20:27:29.044] [info] Loaded model WholeBodyModel-yuetian from file workspace/whole body model_yuetian_realtime.osim
[2026-02-04 20:29:50.101] [info] Updating Model file from 40000 to latest format...
[2026-02-04 20:29:50.151] [info] Loaded model WholeBodyModel-yuetian from file workspace/whole body model_yuetian_realtime.osim
[2026-02-05 00:21:50.370] [info] Updating Model file from 40000 to latest format...
[2026-02-05 00:21:50.510] [info] Loaded model WholeBodyModel-yuetian from file workspace/whole body model_yuetian_realtime.osim
[2026-02-05 00:31:58.073] [info] Updating Model file from 40000 to latest format...
[2026-02-05 00:31:58.173] [info] Loaded model WholeBodyModel-yuetian from file workspace/whole body model_yuetian_realtime.osim
[2026-02-05 00:32:25.920] [info] Updating Model file from 40000 to latest format...
[2026-02-05 00:32:26.031] [info] Loaded model WholeBodyModel-yuetian from file workspace/whole body model_yuetian_realtime.osim
[2026-02-05 00:32:26.558] [warning] Coordinate.setValue:  coordinate pelvis_list is locked. Unable to change its value.
[2026-02-05 00:32:26.558] [warning] Coordinate.setValue:  coordinate pelvis_rotation is locked. Unable to change its value.
[2026-02-05 00:34:20.376] [info] Updating Model file from 40000 to latest format...
[2026-02-05 00:34:20.520] [info] Loaded model WholeBodyModel-yuetian from file workspace/whole body model_yuetian_realtime.osim
[2026-02-05 00:34:21.345] [warning] Coordinate.setValue:  coordinate pelvis_list is locked. Unable to change its value.
[2026-02-05 00:34:21.345] [warning] Coordinate.setValue:  coordinate pelvis_rotation is locked. Unable to change its value.
[2026-02-05 00:43:56.392] [info] Updating Model file from 40000 to latest format...
[2026-02-05 00:43:56.536] [info] Loaded model WholeBodyModel-yuetian from file workspace/whole body model_yuetian_realtime.osim
[2026-02-05 00:43:57.397] [warning] Coordinate.setValue:  coordinate pelvis_list is locked. Unable to change its value.
[2026-02-05 00:43:57.397] [warning] Coordinate.setValue:  coordinate pelvis_rotation is locked. Unable to change its value.
[2026-02-05 00:44:41.505] [info] Updating Model file from 40000 to latest format...
[2026-02-05 00:44:41.652] [info] Loaded model WholeBodyModel-yuetian from file workspace/whole body model_yuetian_realtime.osim
[2026-02-05 00:44:42.326] [warning] Coordinate.setValue:  coordinate pelvis_list is locked. Unable to change its value.
[2026-02-05 00:44:42.327] [warning] Coordinate.setValue:  coordinate pelvis_rotation is locked. Unable to change its value.
[2026-02-05 00:49:47.352] [info] Updating Model file from 40000 to latest format...
[2026-02-05 00:49:47.466] [info] Loaded model WholeBodyModel-yuetian from file workspace/whole body model_yuetian_realtime.osim
[2026-02-05 00:49:48.234] [warning] Coordinate.setValue:  coordinate pelvis_list is locked. Unable to change its value.
[2026-02-05 00:49:48.235] [warning] Coordinate.setValue:  coordinate pelvis_rotation is locked. Unable to change its value.
[2026-02-05 00:50:34.247] [info] Updating Model file from 40000 to latest format...
[2026-02-05 00:50:34.351] [info] Loaded model WholeBodyModel-yuetian from file workspace/whole body model_yuetian_realtime.osim
[2026-02-05 00:50:35.296] [warning] Coordinate.setValue:  coordinate pelvis_list is locked. Unable to change its value.
[2026-02-05 00:50:35.298] [warning] Coordinate.setValue:  coordinate pelvis_rotation is locked. Unable to change its value.
[2026-02-05 01:05:12.198] [info] Updating Model file from 40000 to latest format...
[2026-02-05 01:05:12.301] [info] Loaded model WholeBodyModel-yuetian from file workspace/whole body model_yuetian_realtime.osim
[2026-02-05 01:05:13.046] [warning] Coordinate.setValue:  coordinate pelvis_list is locked. Unable to change its value.
[2026-02-05 01:05:13.047] [warning] Coordinate.setValue:  coordinate pelvis_rotation is locked. Unable to change its value.
[2026-02-05 01:05:42.250] [info] Updating Model file from 40000 to latest format...
[2026-02-05 01:05:42.364] [info] Loaded model WholeBodyModel-yuetian from file workspace/whole body model_yuetian_realtime.osim
[2026-02-05 01:05:42.905] [warning] Coordinate.setValue:  coordinate pelvis_list is locked. Unable to change its value.
[2026-02-05 01:05:42.905] [warning] Coordinate.setValue:  coordinate pelvis_rotation is locked. Unable to change its value.
[2026-02-05 01:08:31.156] [info] Updating Model file from 40000 to latest format...
[2026-02-05 01:08:31.272] [info] Loaded model WholeBodyModel-yuetian from file workspace/whole body model_yuetian_realtime.osim
[2026-02-05 01:08:32.098] [warning] Coordinate.setValue:  coordinate pelvis_list is locked. Unable to change its value.
[2026-02-05 01:08:32.099] [warning] Coordinate.setValue:  coordinate pelvis_rotation is locked. Unable to change its value.
[2026-02-05 01:08:47.590] [info] Updating Model file from 40000 to latest format...
[2026-02-05 01:08:47.679] [info] Loaded model WholeBodyModel-yuetian from file workspace/whole body model_yuetian_realtime.osim
[2026-02-05 01:08:48.366] [warning] Coordinate.setValue:  coordinate pelvis_list is locked. Unable to change its value.
[2026-02-05 01:08:48.367] [warning] Coordinate.setValue:  coordinate pelvis_rotation is locked. Unable to change its value.
[2026-02-05 01:10:18.405] [info] Updating Model file from 40000 to latest format...
[2026-02-05 01:10:18.506] [info] Loaded model WholeBodyModel-yuetian from file workspace/whole body model_yuetian_realtime.osim
[2026-02-05 01:10:19.249] [warning] Coordinate.setValue:  coordinate pelvis_list is locked. Unable to change its value.
[2026-02-05 01:10:19.250] [warning] Coordinate.setValue:  coordinate pelvis_rotation is locked. Unable to change its value.
[2026-02-05 01:11:31.665] [info] Updating Model file from 40000 to latest format...
[2026-02-05 01:11:31.766] [info] Loaded model WholeBodyModel-yuetian from file workspace/whole body model_yuetian_realtime.osim
[2026-02-05 01:11:32.344] [warning] Coordinate.setValue:  coordinate pelvis_list is locked. Unable to change its value.
[2026-02-05 01:11:32.345] [warning] Coordinate.setValue:  coordinate pelvis_rotation is locked. Unable to change its value.
[2026-02-05 01:12:32.461] [info] Updating Model file from 40000 to latest format...
[2026-02-05 01:12:32.594] [info] Loaded model WholeBodyModel-yuetian from file workspace/whole body model_yuetian_realtime.osim
[2026-02-05 01:12:33.429] [warning] Coordinate.setValue:  coordinate pelvis_list is locked. Unable to change its value.
[2026-02-05 01:12:33.429] [warning] Coordinate.setValue:  coordinate pelvis_rotation is locked. Unable to change its value.
[2026-02-05 01:19:35.038] [info] Updating Model file from 40000 to latest format...
[2026-02-05 01:19:35.171] [info] Loaded model WholeBodyModel-yuetian from file workspace/whole body model_yuetian_realtime.osim
[2026-02-05 01:19:35.757] [warning] Coordinate.setValue:  coordinate pelvis_list is locked. Unable to change its value.
[2026-02-05 01:19:35.757] [warning] Coordinate.setValue:  coordinate pelvis_rotation is locked. Unable to change its value.
[2026-02-05 01:20:14.105] [info] Updating Model file from 40000 to latest format...
[2026-02-05 01:20:14.225] [info] Loaded model WholeBodyModel-yuetian from file workspace/whole body model_yuetian_realtime.osim
[2026-02-05 01:20:15.193] [warning] Coordinate.setValue:  coordinate pelvis_list is locked. Unable to change its value.
[2026-02-05 01:20:15.194] [warning] Coordinate.setValue:  coordinate pelvis_rotation is locked. Unable to change its value.
[2026-02-05 01:21:19.553] [info] Updating Model file from 40000 to latest format...
[2026-02-05 01:21:19.647] [info] Loaded model WholeBodyModel-yuetian from file workspace/whole body model_yuetian_realtime.osim
[2026-02-05 01:21:20.392] [warning] Coordinate.setValue:  coordinate pelvis_list is locked. Unable to change its value.
[2026-02-05 01:21:20.392] [warning] Coordinate.setValue:  coordinate pelvis_rotation is locked. Unable to change its value.
[2026-02-05 01:21:44.430] [info] Updating Model file from 40000 to latest format...
[2026-02-05 01:21:44.570] [info] Loaded model WholeBodyModel-yuetian from file workspace/whole body model_yuetian_realtime.osim
[2026-02-05 01:21:45.341] [warning] Coordinate.setValue:  coordinate pelvis_list is locked. Unable to change its value.
[2026-02-05 01:21:45.341] [warning] Coordinate.setValue:  coordinate pelvis_rotation is locked. Unable to change its value.
[2026-02-05 01:22:05.955] [info] Updating Model file from 40000 to latest format...
[2026-02-05 01:22:06.053] [info] Loaded model WholeBodyModel-yuetian from file workspace/whole body model_yuetian_realtime.osim
[2026-02-05 01:22:06.606] [warning] Coordinate.setValue:  coordinate pelvis_list is locked. Unable to change its value.
[2026-02-05 01:22:06.606] [warning] Coordinate.setValue:  coordinate pelvis_rotation is locked. Unable to change its value.
[2026-02-05 01:24:10.534] [info] Updating Model file from 40000 to latest format...
[2026-02-05 01:24:10.634] [info] Loaded model WholeBodyModel-yuetian from file workspace/whole body model_yuetian_realtime.osim
[2026-02-05 01:24:11.541] [warning] Coordinate.setValue:  coordinate pelvis_list is locked. Unable to change its value.
[2026-02-05 01:24:11.542] [warning] Coordinate.setValue:  coordinate pelvis_rotation is locked. Unable to change its value.
[2026-02-05 01:24:44.211] [info] Updating Model file from 40000 to latest format...
[2026-02-05 01:24:44.300] [info] Loaded model WholeBodyModel-yuetian from file workspace/whole body model_yuetian_realtime.osim
[2026-02-05 01:24:45.115] [warning] Coordinate.setValue:  coordinate pelvis_list is locked. Unable to change its value.
[2026-02-05 01:24:45.115] [warning] Coordinate.setValue:  coordinate pelvis_rotation is locked. Unable to change its value.
[2026-02-05 01:25:07.724] [info] Updating Model file from 40000 to latest format...
[2026-02-05 01:25:07.820] [info] Loaded model WholeBodyModel-yuetian from file workspace/whole body model_yuetian_realtime.osim
[2026-02-05 01:25:08.518] [warning] Coordinate.setValue:  coordinate pelvis_list is locked. Unable to change its value.
[2026-02-05 01:25:08.518] [warning] Coordinate.setValue:  coordinate pelvis_rotation is locked. Unable to change its value.
[2026-02-05 01:25:33.463] [info] Updating Model file from 40000 to latest format...
[2026-02-05 01:25:33.587] [info] Loaded model WholeBodyModel-yuetian from file workspace/whole body model_yuetian_realtime.osim
[2026-02-05 01:25:34.305] [warning] Coordinate.setValue:  coordinate pelvis_list is locked. Unable to change its value.
[2026-02-05 01:25:34.306] [warning] Coordinate.setValue:  coordinate pelvis_rotation is locked. Unable to change its value.
[2026-02-05 01:25:50.650] [info] Updating Model file from 40000 to latest format...
[2026-02-05 01:25:50.757] [info] Loaded model WholeBodyModel-yuetian from file workspace/whole body model_yuetian_realtime.osim
[2026-02-05 01:25:51.550] [warning] Coordinate.setValue:  coordinate pelvis_list is locked. Unable to change its value.
[2026-02-05 01:25:51.551] [warning] Coordinate.setValue:  coordinate pelvis_rotation is locked. Unable to change its value.
[2026-02-05 01:26:28.974] [info] Updating Model file from 40000 to latest format...
[2026-02-05 01:26:29.068] [info] Loaded model WholeBodyModel-yuetian from file workspace/whole body model_yuetian_realtime.osim
[2026-02-05 01:26:29.828] [warning] Coordinate.setValue:  coordinate pelvis_list is locked. Unable to change its value.
[2026-02-05 01:26:29.829] [warning] Coordinate.setValue:  coordinate pelvis_rotation is locked. Unable to change its value.
[2026-02-05 01:27:19.891] [info] Updating Model file from 40000 to latest format...
[2026-02-05 01:27:19.999] [info] Loaded model WholeBodyModel-yuetian from file workspace/whole body model_yuetian_realtime.osim
[2026-02-05 01:27:20.787] [warning] Coordinate.setValue:  coordinate pelvis_list is locked. Unable to change its value.
[2026-02-05 01:27:20.788] [warning] Coordinate.setValue:  coordinate pelvis_rotation is locked. Unable to change its value.
[2026-02-05 01:28:04.913] [info] Updating Model file from 40000 to latest format...
[2026-02-05 01:28:05.015] [info] Loaded model WholeBodyModel-yuetian from file workspace/whole body model_yuetian_realtime.osim
[2026-02-05 01:28:05.802] [warning] Coordinate.setValue:  coordinate pelvis_list is locked. Unable to change its value.
[2026-02-05 01:28:05.802] [warning] Coordinate.setValue:  coordinate pelvis_rotation is locked. Unable to change its value.
[2026-02-05 01:30:34.211] [info] Updating Model file from 40000 to latest format...
[2026-02-05 01:30:34.309] [info] Loaded model WholeBodyModel-yuetian from file workspace/whole body model_yuetian_realtime.osim
[2026-02-05 01:31:12.605] [info] Updating Model file from 40000 to latest format...
[2026-02-05 01:31:12.696] [info] Loaded model WholeBodyModel-yuetian from file workspace/whole body model_yuetian_realtime.osim
[2026-02-05 01:31:47.547] [info] Updating Model file from 40000 to latest format...
[2026-02-05 01:31:47.657] [info] Loaded model WholeBodyModel-yuetian from file workspace/whole body model_yuetian_realtime.osim
[2026-02-05 01:36:18.324] [info] Updating Model file from 40000 to latest format...
[2026-02-05 01:36:18.434] [info] Loaded model WholeBodyModel-yuetian from file workspace/whole body model_yuetian_realtime.osim
[2026-02-05 01:40:04.541] [info] Updating Model file from 40000 to latest format...
[2026-02-05 01:40:04.633] [info] Loaded model WholeBodyModel-yuetian from file workspace/whole body model_yuetian_realtime.osim
[2026-02-05 01:40:50.847] [info] Updating Model file from 40000 to latest format...
[2026-02-05 01:40:50.966] [info] Loaded model WholeBodyModel-yuetian from file workspace/whole body model_yuetian_realtime.osim
[2026-02-05 01:41:21.109] [info] Updating Model file from 40000 to latest format...
[2026-02-05 01:41:21.255] [info] Loaded model WholeBodyModel-yuetian from file workspace/whole body model_yuetian_realtime.osim
[2026-02-05 01:44:14.497] [info] Updating Model file from 40000 to latest format...
[2026-02-05 01:44:14.603] [info] Loaded model WholeBodyModel-yuetian from file workspace/whole body model_yuetian_realtime.osim
[2026-02-05 01:46:48.810] [info] Updating Model file from 40000 to latest format...
[2026-02-05 01:46:48.929] [info] Loaded model WholeBodyModel-yuetian from file workspace/whole body model_yuetian_realtime.osim
[2026-02-05 01:47:18.930] [info] Updating Model file from 40000 to latest format...
[2026-02-05 01:47:19.064] [info] Loaded model WholeBodyModel-yuetian from file workspace/whole body model_yuetian_realtime.osim
[2026-02-05 01:47:51.293] [info] Updating Model file from 40000 to latest format...
[2026-02-05 01:47:51.381] [info] Loaded model WholeBodyModel-yuetian from file workspace/whole body model_yuetian_realtime.osim
[2026-02-05 12:13:25.627] [info] Updating Model file from 40000 to latest format...
[2026-02-05 12:13:25.772] [info] Loaded model WholeBodyModel-yuetian from file workspace/whole body model_yuetian_realtime.osim
[2026-02-05 12:13:46.271] [info] Updating Model file from 40000 to latest format...
[2026-02-05 12:13:46.424] [info] Loaded model WholeBodyModel-yuetian from file workspace/whole body model_yuetian_realtime.osim
[2026-02-05 12:13:47.355] [warning] Coordinate.setValue:  coordinate pelvis_list is locked. Unable to change its value.
[2026-02-05 12:13:47.356] [warning] Coordinate.setValue:  coordinate pelvis_rotation is locked. Unable to change its value.
[2026-02-05 12:41:49.598] [info] Updating Model file from 40000 to latest format...
[2026-02-05 12:41:49.694] [info] Loaded model WholeBodyModel-yuetian from file workspace/whole body model_yuetian_realtime.osim
[2026-02-05 12:41:50.341] [warning] Coordinate.setValue:  coordinate pelvis_list is locked. Unable to change its value.
[2026-02-05 12:41:50.342] [warning] Coordinate.setValue:  coordinate pelvis_rotation is locked. Unable to change its value.
[2026-02-05 12:58:06.092] [info] Updating Model file from 40000 to latest format...
[2026-02-05 12:58:06.206] [info] Loaded model WholeBodyModel-yuetian from file workspace/whole body model_yuetian_realtime.osim
[2026-02-05 13:01:14.898] [info] Updating Model file from 40000 to latest format...
[2026-02-05 13:01:15.022] [info] Loaded model WholeBodyModel-yuetian from file workspace/whole body model_yuetian_realtime.osim
[2026-02-05 13:02:26.663] [info] Updating Model file from 40000 to latest format...
[2026-02-05 13:02:26.781] [info] Loaded model WholeBodyModel-yuetian from file workspace/whole body model_yuetian_realtime.osim
[2026-02-05 13:02:58.176] [info] Updating Model file from 40000 to latest format...
[2026-02-05 13:02:58.324] [info] Loaded model WholeBodyModel-yuetian from file workspace/whole body model_yuetian_realtime.osim
[2026-02-05 13:04:02.974] [info] Updating Model file from 40000 to latest format...
[2026-02-05 13:04:03.109] [info] Loaded model WholeBodyModel-yuetian from file workspace/whole body model_yuetian_realtime.osim
[2026-02-05 13:06:07.586] [info] Updating Model file from 40000 to latest format...
[2026-02-05 13:06:07.698] [info] Loaded model WholeBodyModel-yuetian from file workspace/whole body model_yuetian_realtime.osim
[2026-02-05 13:06:56.153] [info] Updating Model file from 40000 to latest format...
[2026-02-05 13:06:56.255] [info] Loaded model WholeBodyModel-yuetian from file workspace/whole body model_yuetian_realtime.osim
[2026-02-05 13:08:02.066] [info] Updating Model file from 40000 to latest format...
[2026-02-05 13:08:02.159] [info] Loaded model WholeBodyModel-yuetian from file workspace/whole body model_yuetian_realtime.osim
[2026-02-05 13:09:40.045] [info] Updating Model file from 40000 to latest format...
[2026-02-05 13:09:40.216] [info] Loaded model WholeBodyModel-yuetian from file workspace/whole body model_yuetian_realtime.osim
[2026-02-05 13:13:18.161] [info] Updating Model file from 40000 to latest format...
[2026-02-05 13:13:18.288] [info] Loaded model WholeBodyModel-yuetian from file workspace/whole body model_yuetian_realtime.osim
[2026-02-05 13:13:50.212] [info] Updating Model file from 40000 to latest format...
[2026-02-05 13:13:50.322] [info] Loaded model WholeBodyModel-yuetian from file workspace/whole body model_yuetian_realtime.osim
[2026-02-05 13:18:28.899] [info] Updating Model file from 40000 to latest format...
[2026-02-05 13:18:28.999] [info] Loaded model WholeBodyModel-yuetian from file workspace/whole body model_yuetian_realtime.osim
[2026-02-05 13:19:19.666] [info] Updating Model file from 40000 to latest format...
[2026-02-05 13:19:19.764] [info] Loaded model WholeBodyModel-yuetian from file workspace/whole body model_yuetian_realtime.osim
[2026-02-05 13:19:49.362] [info] Updating Model file from 40000 to latest format...
[2026-02-05 13:19:49.480] [info] Loaded model WholeBodyModel-yuetian from file workspace/whole body model_yuetian_realtime.osim
[2026-02-05 13:20:21.874] [info] Updating Model file from 40000 to latest format...
[2026-02-05 13:20:21.966] [info] Loaded model WholeBodyModel-yuetian from file workspace/whole body model_yuetian_realtime.osim
[2026-02-05 13:28:22.173] [info] Updating Model file from 40000 to latest format...
[2026-02-05 13:28:22.290] [info] Loaded model WholeBodyModel-yuetian from file workspace/whole body model_yuetian_realtime.osim
[2026-02-05 13:29:00.293] [info] Updating Model file from 40000 to latest format...
[2026-02-05 13:29:00.423] [info] Loaded model WholeBodyModel-yuetian from file workspace/whole body model_yuetian_realtime.osim
[2026-02-05 13:29:01.058] [warning] Coordinate.setValue:  coordinate pelvis_list is locked. Unable to change its value.
[2026-02-05 13:29:01.059] [warning] Coordinate.setValue:  coordinate pelvis_rotation is locked. Unable to change its value.
[2026-02-05 13:29:56.458] [info] Updating Model file from 40000 to latest format...
[2026-02-05 13:29:56.579] [info] Loaded model WholeBodyModel-yuetian from file workspace/whole body model_yuetian_realtime.osim
[2026-02-05 13:29:57.372] [warning] Coordinate.setValue:  coordinate pelvis_list is locked. Unable to change its value.
[2026-02-05 13:29:57.372] [warning] Coordinate.setValue:  coordinate pelvis_rotation is locked. Unable to change its value.
[2026-02-05 13:30:16.369] [info] Updating Model file from 40000 to latest format...
[2026-02-05 13:30:16.471] [info] Loaded model WholeBodyModel-yuetian from file workspace/whole body model_yuetian_realtime.osim
[2026-02-05 13:30:17.122] [warning] Coordinate.setValue:  coordinate pelvis_list is locked. Unable to change its value.
[2026-02-05 13:30:17.123] [warning] Coordinate.setValue:  coordinate pelvis_rotation is locked. Unable to change its value.
[2026-02-05 13:30:50.140] [info] Updating Model file from 40000 to latest format...
[2026-02-05 13:30:50.229] [info] Loaded model WholeBodyModel-yuetian from file workspace/whole body model_yuetian_realtime.osim
[2026-02-05 13:30:50.855] [warning] Coordinate.setValue:  coordinate pelvis_list is locked. Unable to change its value.
[2026-02-05 13:30:50.855] [warning] Coordinate.setValue:  coordinate pelvis_rotation is locked. Unable to change its value.
[2026-02-05 13:32:49.415] [info] Updating Model file from 40000 to latest format...
[2026-02-05 13:32:49.516] [info] Loaded model WholeBodyModel-yuetian from file workspace/whole body model_yuetian_realtime.osim
[2026-02-05 13:32:50.123] [warning] Coordinate.setValue:  coordinate pelvis_list is locked. Unable to change its value.
[2026-02-05 13:32:50.124] [warning] Coordinate.setValue:  coordinate pelvis_rotation is locked. Unable to change its value.
[2026-02-05 14:13:20.356] [info] Updating Model file from 40000 to latest format...
[2026-02-05 14:13:20.472] [info] Loaded model WholeBodyModel-yuetian from file workspace/whole body model_yuetian_realtime.osim
[2026-02-05 14:13:21.168] [warning] Coordinate.setValue:  coordinate pelvis_list is locked. Unable to change its value.
[2026-02-05 14:13:21.169] [warning] Coordinate.setValue:  coordinate pelvis_rotation is locked. Unable to change its value.
[2026-02-05 14:16:28.838] [info] Updating Model file from 40000 to latest format...
[2026-02-05 14:16:28.929] [info] Loaded model WholeBodyModel-yuetian from file workspace/whole body model_yuetian_realtime.osim
[2026-02-05 14:16:29.582] [warning] Coordinate.setValue:  coordinate pelvis_list is locked. Unable to change its value.
[2026-02-05 14:16:29.583] [warning] Coordinate.setValue:  coordinate pelvis_rotation is locked. Unable to change its value.
[2026-02-05 14:34:39.371] [info] Updating Model file from 40000 to latest format...
[2026-02-05 14:34:39.507] [info] Loaded model WholeBodyModel-yuetian from file workspace/whole body model_yuetian_realtime.osim
[2026-02-05 14:34:40.192] [warning] Coordinate.setValue:  coordinate pelvis_list is locked. Unable to change its value.
[2026-02-05 14:34:40.193] [warning] Coordinate.setValue:  coordinate pelvis_rotation is locked. Unable to change its value.
[2026-02-05 14:35:03.641] [info] Updating Model file from 40000 to latest format...
[2026-02-05 14:35:03.770] [info] Loaded model WholeBodyModel-yuetian from file workspace/whole body model_yuetian_realtime.osim
[2026-02-05 14:35:04.383] [warning] Coordinate.setValue:  coordinate pelvis_list is locked. Unable to change its value.
[2026-02-05 14:35:04.383] [warning] Coordinate.setValue:  coordinate pelvis_rotation is locked. Unable to change its value.
[2026-02-05 14:36:47.575] [info] Updating Model file from 40000 to latest format...
[2026-02-05 14:36:47.694] [info] Loaded model WholeBodyModel-yuetian from file workspace/whole body model_yuetian_realtime.osim
[2026-02-05 14:36:48.352] [warning] Coordinate.setValue:  coordinate pelvis_list is locked. Unable to change its value.
[2026-02-05 14:36:48.353] [warning] Coordinate.setValue:  coordinate pelvis_rotation is locked. Unable to change its value.
[2026-02-05 14:42:03.028] [info] Updating Model file from 40000 to latest format...
[2026-02-05 14:42:03.149] [info] Loaded model WholeBodyModel-yuetian from file workspace/whole body model_yuetian_realtime.osim
[2026-02-05 14:42:03.742] [warning] Coordinate.setValue:  coordinate pelvis_list is locked. Unable to change its value.
[2026-02-05 14:42:03.742] [warning] Coordinate.setValue:  coordinate pelvis_rotation is locked. Unable to change its value.
[2026-02-05 14:48:33.968] [info] Updating Model file from 40000 to latest format...
[2026-02-05 14:48:34.092] [info] Loaded model WholeBodyModel-yuetian from file workspace/whole body model_yuetian_realtime.osim
[2026-02-05 14:48:34.769] [warning] Coordinate.setValue:  coordinate pelvis_list is locked. Unable to change its value.
[2026-02-05 14:48:34.770] [warning] Coordinate.setValue:  coordinate pelvis_rotation is locked. Unable to change its value.
[2026-02-05 15:25:29.919] [info] Updating Model file from 40000 to latest format...
[2026-02-05 15:25:30.168] [info] Loaded model WholeBodyModel-yuetian from file workspace/whole body model_yuetian_realtime.osim
[2026-02-05 15:25:31.529] [warning] Coordinate.setValue:  coordinate pelvis_list is locked. Unable to change its value.
[2026-02-05 15:25:31.530] [warning] Coordinate.setValue:  coordinate pelvis_rotation is locked. Unable to change its value.
[2026-02-12 17:06:54.608] [info] Updating Model file from 40000 to latest format...
[2026-02-12 17:06:54.665] [info] Loaded model WholeBodyModel-yuetian from file workspace/whole body model_yuetian_realtime.osim
[2026-02-12 17:06:55.290] [warning] Coordinate.setValue:  coordinate pelvis_list is locked. Unable to change its value.
[2026-02-12 17:06:55.290] [warning] Coordinate.setValue:  coordinate pelvis_rotation is locked. Unable to change its value.
[2026-02-27 20:16:39.360] [info] Updating Model file from 40000 to latest format...
[2026-02-27 20:16:39.414] [info] Loaded model WholeBodyModel-yuetian from file workspace/whole body model_yuetian_realtime.osim
[2026-02-27 20:16:40.064] [warning] Coordinate.setValue:  coordinate pelvis_list is locked. Unable to change its value.
[2026-02-27 20:16:40.064] [warning] Coordinate.setValue:  coordinate pelvis_rotation is locked. Unable to change its value.
[2026-02-27 20:23:50.996] [info] Updating Model file from 40000 to latest format...
[2026-02-27 20:23:51.049] [info] Loaded model WholeBodyModel-yuetian from file workspace/whole body model_yuetian_realtime.osim
[2026-02-27 20:23:51.400] [warning] Coordinate.setValue:  coordinate pelvis_list is locked. Unable to change its value.
[2026-02-27 20:23:51.400] [warning] Coordinate.setValue:  coordinate pelvis_rotation is locked. Unable to change its value.
[2026-02-27 20:23:59.083] [info] Updating Model file from 40000 to latest format...
[2026-02-27 20:23:59.133] [info] Loaded model WholeBodyModel-yuetian from file workspace/whole body model_yuetian_realtime.osim
[2026-02-27 20:23:59.468] [warning] Coordinate.setValue:  coordinate pelvis_list is locked. Unable to change its value.
[2026-02-27 20:23:59.468] [warning] Coordinate.setValue:  coordinate pelvis_rotation is locked. Unable to change its value.
[2026-02-27 20:53:12.303] [info] Updating Model file from 40000 to latest format...
[2026-02-27 20:53:12.355] [info] Loaded model WholeBodyModel-yuetian from file workspace/whole body model_yuetian_realtime.osim
[2026-02-27 20:53:12.700] [warning] Coordinate.setValue:  coordinate pelvis_list is locked. Unable to change its value.
[2026-02-27 20:53:12.700] [warning] Coordinate.setValue:  coordinate pelvis_rotation is locked. Unable to change its value.
[2026-03-02 16:32:07.931] [info] Updating Model file from 40000 to latest format...
[2026-03-02 16:32:07.987] [info] Loaded model WholeBodyModel-yuetian from file workspace/whole body model_yuetian_realtime.osim
[2026-03-02 16:32:08.720] [warning] Coordinate.setValue:  coordinate pelvis_list is locked. Unable to change its value.
[2026-03-02 16:32:08.721] [warning] Coordinate.setValue:  coordinate pelvis_rotation is locked. Unable to change its value.
[2026-03-02 16:41:02.886] [info] Updating Model file from 40000 to latest format...
[2026-03-02 16:41:02.939] [info] Loaded model WholeBodyModel-yuetian from file workspace/whole body model_yuetian_realtime.osim
[2026-03-02 16:41:03.385] [warning] Coordinate.setValue:  coordinate pelvis_list is locked. Unable to change its value.
[2026-03-02 16:41:03.386] [warning] Coordinate.setValue:  coordinate pelvis_rotation is locked. Unable to change its value.
[2026-03-02 16:49:17.439] [info] Updating Model file from 40000 to latest format...
[2026-03-02 16:49:17.494] [info] Loaded model WholeBodyModel-yuetian from file workspace/whole body model_yuetian_realtime.osim
[2026-03-02 16:49:17.864] [warning] Coordinate.setValue:  coordinate pelvis_list is locked. Unable to change its value.
[2026-03-02 16:49:17.864] [warning] Coordinate.setValue:  coordinate pelvis_rotation is locked. Unable to change its value.
[2026-03-03 15:12:05.835] [info] Updating Model file from 40000 to latest format...
[2026-03-03 15:12:05.886] [info] Loaded model WholeBodyModel-yuetian from file workspace/whole body model_yuetian_realtime.osim
[2026-03-03 15:12:06.559] [warning] Coordinate.setValue:  coordinate pelvis_list is locked. Unable to change its value.
[2026-03-03 15:12:06.559] [warning] Coordinate.setValue:  coordinate pelvis_rotation is locked. Unable to change its value.
[2026-03-03 16:45:48.974] [info] Updating Model file from 40000 to latest format...
[2026-03-03 16:45:49.030] [info] Loaded model WholeBodyModel-yuetian from file workspace/whole body model_yuetian_realtime.osim
[2026-03-03 16:45:49.384] [warning] Coordinate.setValue:  coordinate pelvis_list is locked. Unable to change its value.
[2026-03-03 16:45:49.385] [warning] Coordinate.setValue:  coordinate pelvis_rotation is locked. Unable to change its value.
[2026-03-03 17:01:45.029] [info] Updating Model file from 40000 to latest format...
[2026-03-03 17:01:45.083] [info] Loaded model WholeBodyModel-yuetian from file workspace/whole body model_yuetian_realtime.osim
[2026-03-03 17:01:45.434] [warning] Coordinate.setValue:  coordinate pelvis_list is locked. Unable to change its value.
[2026-03-03 17:01:45.434] [warning] Coordinate.setValue:  coordinate pelvis_rotation is locked. Unable to change its value.
[2026-03-03 21:23:33.387] [info] Updating Model file from 40000 to latest format...
[2026-03-03 21:23:33.440] [info] Loaded model WholeBodyModel-yuetian from file workspace/whole body model_yuetian_realtime.osim
[2026-03-03 21:24:17.097] [info] Updating Model file from 40000 to latest format...
[2026-03-03 21:24:17.148] [info] Loaded model WholeBodyModel-yuetian from file workspace/whole body model_yuetian_realtime.osim
[2026-03-03 21:41:59.755] [info] Updating Model file from 40000 to latest format...
[2026-03-03 21:41:59.809] [info] Loaded model WholeBodyModel-yuetian from file workspace/whole body model_yuetian_realtime.osim
[2026-03-03 21:42:00.161] [warning] Coordinate.setValue:  coordinate pelvis_list is locked. Unable to change its value.
[2026-03-03 21:42:00.162] [warning] Coordinate.setValue:  coordinate pelvis_rotation is locked. Unable to change its value.
[2026-03-03 21:45:21.041] [info] Updating Model file from 40000 to latest format...
[2026-03-03 21:45:21.094] [info] Loaded model WholeBodyModel-yuetian from file workspace/whole body model_yuetian_realtime.osim
[2026-03-03 21:46:29.660] [info] Updating Model file from 40000 to latest format...
[2026-03-03 21:46:29.712] [info] Loaded model WholeBodyModel-yuetian from file workspace/whole body model_yuetian_realtime.osim
[2026-03-04 14:02:51.345] [info] Updating Model file from 40000 to latest format...
[2026-03-04 14:02:51.396] [info] Loaded model WholeBodyModel-yuetian from file workspace/whole body model_yuetian_realtime.osim
[2026-03-04 14:02:51.988] [warning] Coordinate.setValue:  coordinate pelvis_list is locked. Unable to change its value.
[2026-03-04 14:02:51.988] [warning] Coordinate.setValue:  coordinate pelvis_rotation is locked. Unable to change its value.
[2026-03-04 14:11:04.514] [info] Updating Model file from 40000 to latest format...
[2026-03-04 14:11:04.565] [info] Loaded model WholeBodyModel-yuetian from file workspace/whole body model_yuetian_realtime.osim
[2026-03-04 14:13:56.437] [info] Updating Model file from 40000 to latest format...
[2026-03-04 14:13:56.488] [info] Loaded model WholeBodyModel-yuetian from file workspace/whole body model_yuetian_realtime.osim
[2026-03-04 14:19:36.927] [info] Updating Model file from 40000 to latest format...
[2026-03-04 14:19:36.978] [info] Loaded model WholeBodyModel-yuetian from file workspace/whole body model_yuetian_realtime.osim
[2026-03-04 14:19:53.174] [info] Updating Model file from 40000 to latest format...
[2026-03-04 14:19:53.225] [info] Loaded model WholeBodyModel-yuetian from file workspace/whole body model_yuetian_realtime.osim
[2026-03-04 14:22:13.481] [info] Updating Model file from 40000 to latest format...
[2026-03-04 14:22:13.533] [info] Loaded model WholeBodyModel-yuetian from file workspace/whole body model_yuetian_realtime.osim
[2026-03-04 14:22:30.223] [info] Updating Model file from 40000 to latest format...
[2026-03-04 14:22:30.274] [info] Loaded model WholeBodyModel-yuetian from file workspace/whole body model_yuetian_realtime.osim
[2026-03-04 14:22:30.604] [warning] Coordinate.setValue:  coordinate pelvis_list is locked. Unable to change its value.
[2026-03-04 14:22:30.605] [warning] Coordinate.setValue:  coordinate pelvis_rotation is locked. Unable to change its value.
[2026-03-04 14:33:01.659] [info] Updating Model file from 40000 to latest format...
[2026-03-04 14:33:01.713] [info] Loaded model WholeBodyModel-yuetian from file workspace/whole body model_yuetian_realtime.osim
[2026-03-04 14:33:26.367] [info] Updating Model file from 40000 to latest format...
[2026-03-04 14:33:26.417] [info] Loaded model WholeBodyModel-yuetian from file workspace/whole body model_yuetian_realtime.osim
[2026-03-04 14:33:26.747] [warning] Coordinate.setValue:  coordinate pelvis_list is locked. Unable to change its value.
[2026-03-04 14:33:26.747] [warning] Coordinate.setValue:  coordinate pelvis_rotation is locked. Unable to change its value.
[2026-03-04 14:35:19.220] [info] Updating Model file from 40000 to latest format...
[2026-03-04 14:35:19.273] [info] Loaded model WholeBodyModel-yuetian from file workspace/whole body model_yuetian_realtime.osim
[2026-03-04 14:35:19.607] [warning] Coordinate.setValue:  coordinate pelvis_list is locked. Unable to change its value.
[2026-03-04 14:35:19.607] [warning] Coordinate.setValue:  coordinate pelvis_rotation is locked. Unable to change its value.
[2026-03-04 14:35:27.757] [info] Updating Model file from 40000 to latest format...
[2026-03-04 14:35:27.807] [info] Loaded model WholeBodyModel-yuetian from file workspace/whole body model_yuetian_realtime.osim
[2026-03-04 14:45:36.084] [info] Updating Model file from 40000 to latest format...
[2026-03-04 14:45:36.138] [info] Loaded model WholeBodyModel-yuetian from file workspace/whole body model_yuetian_realtime.osim
[2026-03-04 14:46:38.136] [info] Updating Model file from 40000 to latest format...
[2026-03-04 14:46:38.188] [info] Loaded model WholeBodyModel-yuetian from file workspace/whole body model_yuetian_realtime.osim
[2026-03-04 14:54:23.717] [info] Updating Model file from 40000 to latest format...
[2026-03-04 14:54:23.768] [info] Loaded model WholeBodyModel-yuetian from file workspace/whole body model_yuetian_realtime.osim
[2026-03-04 14:54:24.101] [warning] Coordinate.setValue:  coordinate pelvis_list is locked. Unable to change its value.
[2026-03-04 14:54:24.101] [warning] Coordinate.setValue:  coordinate pelvis_rotation is locked. Unable to change its value.
[2026-03-04 14:57:38.362] [info] Updating Model file from 40000 to latest format...
[2026-03-04 14:57:38.413] [info] Loaded model WholeBodyModel-yuetian from file workspace/whole body model_yuetian_realtime.osim
[2026-03-04 14:57:38.746] [warning] Coordinate.setValue:  coordinate pelvis_list is locked. Unable to change its value.
[2026-03-04 14:57:38.746] [warning] Coordinate.setValue:  coordinate pelvis_rotation is locked. Unable to change its value.
[2026-03-04 15:17:25.966] [info] Updating Model file from 40000 to latest format...
[2026-03-04 15:17:26.016] [info] Loaded model WholeBodyModel-yuetian from file ../workspace/whole body model_yuetian_realtime.osim
[2026-03-04 15:18:38.622] [info] Updating Model file from 40000 to latest format...
[2026-03-04 15:18:38.672] [info] Loaded model WholeBodyModel-yuetian from file ../workspace/whole body model_yuetian_realtime.osim
[2026-03-04 15:19:40.676] [info] Updating Model file from 40000 to latest format...
[2026-03-04 15:19:40.726] [info] Loaded model WholeBodyModel-yuetian from file ../workspace/whole body model_yuetian_realtime.osim
[2026-03-04 15:22:28.539] [info] Updating Model file from 40000 to latest format...
[2026-03-04 15:22:28.589] [info] Loaded model WholeBodyModel-yuetian from file ../workspace/whole body model_yuetian_realtime.osim
[2026-03-04 15:23:03.869] [info] Updating Model file from 40000 to latest format...
[2026-03-04 15:23:03.918] [info] Loaded model WholeBodyModel-yuetian from file ../workspace/whole body model_yuetian_realtime.osim
[2026-03-04 15:43:51.134] [info] Updating Model file from 40000 to latest format...
[2026-03-04 15:43:51.184] [info] Loaded model WholeBodyModel-yuetian from file workspace/whole body model_yuetian_realtime.osim
[2026-03-04 15:43:51.534] [warning] Coordinate.setValue:  coordinate pelvis_list is locked. Unable to change its value.
[2026-03-04 15:43:51.534] [warning] Coordinate.setValue:  coordinate pelvis_rotation is locked. Unable to change its value.
[2026-03-04 15:49:09.085] [info] Updating Model file from 40000 to latest format...
[2026-03-04 15:49:09.136] [info] Loaded model WholeBodyModel-yuetian from file ../../workspace/whole body model_yuetian_realtime.osim
[2026-03-04 15:49:45.665] [info] Updating Model file from 40000 to latest format...
[2026-03-04 15:49:45.716] [info] Loaded model WholeBodyModel-yuetian from file ../../workspace/whole body model_yuetian_realtime.osim
[2026-03-04 15:49:46.053] [warning] Coordinate.setValue:  coordinate pelvis_list is locked. Unable to change its value.
[2026-03-04 15:49:46.053] [warning] Coordinate.setValue:  coordinate pelvis_rotation is locked. Unable to change its value.
[2026-03-04 15:53:17.393] [info] Updating Model file from 40000 to latest format...
[2026-03-04 15:53:17.447] [info] Loaded model WholeBodyModel-yuetian from file ../../workspace/whole body model_yuetian_realtime.osim
[2026-03-04 15:53:17.795] [warning] Coordinate.setValue:  coordinate pelvis_list is locked. Unable to change its value.
[2026-03-04 15:53:17.795] [warning] Coordinate.setValue:  coordinate pelvis_rotation is locked. Unable to change its value.
[2026-03-04 15:55:02.191] [info] Updating Model file from 40000 to latest format...
[2026-03-04 15:55:02.243] [info] Loaded model WholeBodyModel-yuetian from file ../../workspace/whole body model_yuetian_realtime.osim
[2026-03-04 15:55:02.598] [warning] Coordinate.setValue:  coordinate pelvis_list is locked. Unable to change its value.
[2026-03-04 15:55:02.598] [warning] Coordinate.setValue:  coordinate pelvis_rotation is locked. Unable to change its value.
